[debug] [2023-05-22T12:37:40.614Z] ----------------------------------------------------------------------
[debug] [2023-05-22T12:37:40.616Z] Command:       C:\Program Files\nodejs\node.exe C:\Users\ceede\AppData\Roaming\npm\node_modules\firebase-tools\lib\bin\firebase.js init hosting
[debug] [2023-05-22T12:37:40.616Z] CLI Version:   12.1.0
[debug] [2023-05-22T12:37:40.616Z] Platform:      win32
[debug] [2023-05-22T12:37:40.616Z] Node Version:  v16.13.2
[debug] [2023-05-22T12:37:40.617Z] Time:          Mon May 22 2023 18:37:40 GMT+0600 (Bhutan Time)
[debug] [2023-05-22T12:37:40.617Z] ----------------------------------------------------------------------
[debug] 
[debug] [2023-05-22T12:37:40.625Z] > command requires scopes: ["email","openid","https://www.googleapis.com/auth/cloudplatformprojects.readonly","https://www.googleapis.com/auth/firebase","https://www.googleapis.com/auth/cloud-platform"]
[debug] [2023-05-22T12:37:40.626Z] > authorizing via signed-in user (12190002.gcit@rub.edu.bt)
[info] 
     ######## #### ########  ######## ########     ###     ######  ########
     ##        ##  ##     ## ##       ##     ##  ##   ##  ##       ##
     ######    ##  ########  ######   ########  #########  ######  ######
     ##        ##  ##    ##  ##       ##     ## ##     ##       ## ##
     ##       #### ##     ## ######## ########  ##     ##  ######  ########

You're about to initialize a Firebase project in this directory:

  C:\Users\ceede\Downloads\hostelAllocation-main\hostelAllocation-main

[info] 
=== Project Setup
[info] 
[info] First, let's associate this project directory with a Firebase project.
[info] You can create multiple project aliases by running firebase use --add, 
[info] but for now we'll just set up a default project.
[info] 
[info] i  If you want to create a project in a Google Cloud organization or folder, please use "firebase projects:create" instead, and return to this command when you've created the project. 
[debug] [2023-05-22T12:38:20.801Z] >>> [apiv2][query] POST https://cloudresourcemanager.googleapis.com/v1/projects [none]
[debug] [2023-05-22T12:38:20.801Z] >>> [apiv2][body] POST https://cloudresourcemanager.googleapis.com/v1/projects {"projectId":"group6","name":"group5allocation"}
[debug] [2023-05-22T12:38:22.534Z] <<< [apiv2][status] POST https://cloudresourcemanager.googleapis.com/v1/projects 409
[debug] [2023-05-22T12:38:22.534Z] <<< [apiv2][body] POST https://cloudresourcemanager.googleapis.com/v1/projects {"error":{"code":409,"message":"Requested entity already exists","status":"ALREADY_EXISTS"}}
[debug] [2023-05-22T12:38:22.838Z] FirebaseError: HTTP Error: 409, Requested entity already exists
    at responseToError (C:\Users\ceede\AppData\Roaming\npm\node_modules\firebase-tools\lib\responseToError.js:49:12)
    at RetryOperation._fn (C:\Users\ceede\AppData\Roaming\npm\node_modules\firebase-tools\lib\apiv2.js:288:77)
    at processTicksAndRejections (node:internal/process/task_queues:96:5)
[error] 
[error] Error: Failed to create project because there is already a project with ID group6. Please try again with a unique project ID.
[debug] [2023-05-22T12:38:40.139Z] ----------------------------------------------------------------------
[debug] [2023-05-22T12:38:40.140Z] Command:       C:\Program Files\nodejs\node.exe C:\Users\ceede\AppData\Roaming\npm\node_modules\firebase-tools\lib\bin\firebase.js init hosting
[debug] [2023-05-22T12:38:40.141Z] CLI Version:   12.1.0
[debug] [2023-05-22T12:38:40.141Z] Platform:      win32
[debug] [2023-05-22T12:38:40.141Z] Node Version:  v16.13.2
[debug] [2023-05-22T12:38:40.142Z] Time:          Mon May 22 2023 18:38:40 GMT+0600 (Bhutan Time)
[debug] [2023-05-22T12:38:40.142Z] ----------------------------------------------------------------------
[debug] 
[debug] [2023-05-22T12:38:40.147Z] > command requires scopes: ["email","openid","https://www.googleapis.com/auth/cloudplatformprojects.readonly","https://www.googleapis.com/auth/firebase","https://www.googleapis.com/auth/cloud-platform"]
[debug] [2023-05-22T12:38:40.148Z] > authorizing via signed-in user (12190002.gcit@rub.edu.bt)
[info] 
     ######## #### ########  ######## ########     ###     ######  ########
     ##        ##  ##     ## ##       ##     ##  ##   ##  ##       ##
     ######    ##  ########  ######   ########  #########  ######  ######
     ##        ##  ##    ##  ##       ##     ## ##     ##       ## ##
     ##       #### ##     ## ######## ########  ##     ##  ######  ########

You're about to initialize a Firebase project in this directory:

  C:\Users\ceede\Downloads\hostelAllocation-main\hostelAllocation-main

[info] 
=== Project Setup
[info] 
[info] First, let's associate this project directory with a Firebase project.
[info] You can create multiple project aliases by running firebase use --add, 
[info] but for now we'll just set up a default project.
[info] 
[debug] [2023-05-22T12:38:43.726Z] >>> [apiv2][query] GET https://firebase.googleapis.com/v1beta1/projects pageSize=100
[debug] [2023-05-22T12:38:45.026Z] <<< [apiv2][status] GET https://firebase.googleapis.com/v1beta1/projects 200
[debug] [2023-05-22T12:38:45.026Z] <<< [apiv2][body] GET https://firebase.googleapis.com/v1beta1/projects [omitted]
[info] i  Using project react-native-course-1ca89 (react-native-course) 
[info] 
=== Hosting Setup
[info] 
[info] Your public directory is the folder (relative to your project directory) that
[info] will contain Hosting assets to be uploaded with firebase deploy. If you
[info] have a build process for your assets, use your build's output directory.
[info] 
[debug] [2023-05-22T12:39:17.099Z] >>> [apiv2][query] GET https://www.gstatic.com/firebasejs/releases.json [none]
[debug] [2023-05-22T12:39:17.594Z] <<< [apiv2][status] GET https://www.gstatic.com/firebasejs/releases.json 200
[debug] [2023-05-22T12:39:17.595Z] <<< [apiv2][body] GET https://www.gstatic.com/firebasejs/releases.json {"current":{"version":"9.22.0","browserURL":"https://www.gstatic.com/firebasejs/9.22.0/firebase.js","packageURL":"https://www.gstatic.com/firebasejs/9.22.0/firebase.tgz"},"live":{"version":"9.22","browserURL":"https://www.gstatic.com/firebasejs/live/9.22/firebase.js","packageURL":"https://www.gstatic.com/firebasejs/live/9.22/firebase.tgz"},"components":{"analytics":"https://www.gstatic.com/firebasejs/9.22.0/firebase-analytics.js","app":"https://www.gstatic.com/firebasejs/9.22.0/firebase-app.js","app-check":"https://www.gstatic.com/firebasejs/9.22.0/firebase-app-check.js","auth":"https://www.gstatic.com/firebasejs/9.22.0/firebase-auth.js","auth/cordova":"https://www.gstatic.com/firebasejs/9.22.0/firebase-auth/cordova.js","auth/react-native":"https://www.gstatic.com/firebasejs/9.22.0/firebase-auth/react-native.js","functions":"https://www.gstatic.com/firebasejs/9.22.0/firebase-functions.js","firestore":"https://www.gstatic.com/firebasejs/9.22.0/firebase-firestore.js","firestore/lite":"https://www.gstatic.com/firebasejs/9.22.0/firebase-firestore/lite.js","installations":"https://www.gstatic.com/firebasejs/9.22.0/firebase-installations.js","storage":"https://www.gstatic.com/firebasejs/9.22.0/firebase-storage.js","performance":"https://www.gstatic.com/firebasejs/9.22.0/firebase-performance.js","remote-config":"https://www.gstatic.com/firebasejs/9.22.0/firebase-remote-config.js","messaging":"https://www.gstatic.com/firebasejs/9.22.0/firebase-messaging.js","messaging/sw":"https://www.gstatic.com/firebasejs/9.22.0/firebase-messaging/sw.js","database":"https://www.gstatic.com/firebasejs/9.22.0/firebase-database.js","firestore.memory":"https://www.gstatic.com/firebasejs/9.22.0/firebase-firestore.memory.js"}}
[info] +  Wrote src/index.html 
[info] 
[info] i  Detected a .git folder at C:\Users\ceede\Downloads\hostelAllocation-main\hostelAllocation-main 
[info] i  Authorizing with GitHub to upload your service account to a GitHub repository's secrets store. 
[info] 
[info] Visit this URL on this device to log in:
[info] https://github.com/login/oauth/authorize?client_id=89cf50f02ac6aaed3484&state=867348880&redirect_uri=http%3A%2F%2Flocalhost%3A9005&scope=read%3Auser%20repo%20public_repo
[info] 
[info] Waiting for authentication...
[debug] [2023-05-22T12:39:27.776Z] >>> [apiv2][query] POST https://github.com/login/oauth/access_token [none]
[debug] [2023-05-22T12:39:27.776Z] >>> [apiv2][body] POST https://github.com/login/oauth/access_token [stream]
[debug] [2023-05-22T12:39:28.563Z] <<< [apiv2][status] POST https://github.com/login/oauth/access_token 200
[debug] [2023-05-22T12:39:28.563Z] <<< [apiv2][body] POST https://github.com/login/oauth/access_token {"access_token":"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","token_type":"bearer","scope":"read:user,repo"}
[debug] [2023-05-22T12:39:28.574Z] >>> [apiv2][query] GET https://api.github.com/user [none]
[debug] [2023-05-22T12:39:29.178Z] <<< [apiv2][status] GET https://api.github.com/user 200
[debug] [2023-05-22T12:39:29.178Z] <<< [apiv2][body] GET https://api.github.com/user {"login":"choki-dorji","id":62417033,"node_id":"MDQ6VXNlcjYyNDE3MDMz","avatar_url":"https://avatars.githubusercontent.com/u/62417033?v=4","gravatar_id":"","url":"https://api.github.com/users/choki-dorji","html_url":"https://github.com/choki-dorji","followers_url":"https://api.github.com/users/choki-dorji/followers","following_url":"https://api.github.com/users/choki-dorji/following{/other_user}","gists_url":"https://api.github.com/users/choki-dorji/gists{/gist_id}","starred_url":"https://api.github.com/users/choki-dorji/starred{/owner}{/repo}","subscriptions_url":"https://api.github.com/users/choki-dorji/subscriptions","organizations_url":"https://api.github.com/users/choki-dorji/orgs","repos_url":"https://api.github.com/users/choki-dorji/repos","events_url":"https://api.github.com/users/choki-dorji/events{/privacy}","received_events_url":"https://api.github.com/users/choki-dorji/received_events","type":"User","site_admin":false,"name":null,"company":null,"blog":"","location":null,"email":null,"hireable":null,"bio":null,"twitter_username":null,"public_repos":49,"public_gists":0,"followers":0,"following":2,"created_at":"2020-03-20T06:13:17Z","updated_at":"2023-05-18T08:48:57Z","private_gists":0,"total_private_repos":2,"owned_private_repos":2,"disk_usage":514912,"collaborators":0,"two_factor_authentication":false,"plan":{"name":"free","space":976562499,"collaborators":0,"private_repos":10000}}
[info] 
[info] +  Success! Logged into GitHub as choki-dorji 
[info] 
[debug] [2023-05-22T12:39:42.260Z] >>> [apiv2][query] GET https://api.github.com/repos/group6/actions/secrets/public-key type=owner
[debug] [2023-05-22T12:39:43.475Z] <<< [apiv2][status] GET https://api.github.com/repos/group6/actions/secrets/public-key 404
[debug] [2023-05-22T12:39:43.475Z] <<< [apiv2][body] GET https://api.github.com/repos/group6/actions/secrets/public-key {"message":"Not Found","documentation_url":"https://docs.github.com/rest"}
[info] 
[info] 
[error] !  The provided authorization cannot be used with this repository. If this repository is in an organization, did you remember to grant access? 
[info] 
[info] i  Action required: Visit this URL to ensure access has been granted to the appropriate organization(s) for the Firebase CLI GitHub OAuth App: 
[info] https://github.com/settings/connections/applications/89cf50f02ac6aaed3484
[info] 
[debug] [2023-05-22T12:40:02.017Z] >>> [apiv2][query] GET https://api.github.com/repos/group6/actions/secrets/public-key type=owner
[debug] [2023-05-22T12:40:02.942Z] <<< [apiv2][status] GET https://api.github.com/repos/group6/actions/secrets/public-key 404
[debug] [2023-05-22T12:40:02.942Z] <<< [apiv2][body] GET https://api.github.com/repos/group6/actions/secrets/public-key {"message":"Not Found","documentation_url":"https://docs.github.com/rest"}
[info] 
[info] 
[error] !  The provided authorization cannot be used with this repository. If this repository is in an organization, did you remember to grant access? 
[info] 
[info] i  Action required: Visit this URL to ensure access has been granted to the appropriate organization(s) for the Firebase CLI GitHub OAuth App: 
[info] https://github.com/settings/connections/applications/89cf50f02ac6aaed3484
[info] 
[debug] [2023-05-22T12:40:11.534Z] >>> [apiv2][query] GET https://api.github.com/repos/group6/actions/secrets/public-key type=owner
[debug] [2023-05-22T12:40:12.802Z] <<< [apiv2][status] GET https://api.github.com/repos/group6/actions/secrets/public-key 404
[debug] [2023-05-22T12:40:12.802Z] <<< [apiv2][body] GET https://api.github.com/repos/group6/actions/secrets/public-key {"message":"Not Found","documentation_url":"https://docs.github.com/rest"}
[info] 
[info] 
[error] !  The provided authorization cannot be used with this repository. If this repository is in an organization, did you remember to grant access? 
[info] 
[info] i  Action required: Visit this URL to ensure access has been granted to the appropriate organization(s) for the Firebase CLI GitHub OAuth App: 
[info] https://github.com/settings/connections/applications/89cf50f02ac6aaed3484
[info] 
[debug] [2023-05-22T12:41:15.268Z] >>> [apiv2][query] GET https://api.github.com/repos/group6/actions/secrets/public-key type=owner
[debug] [2023-05-22T12:41:16.281Z] <<< [apiv2][status] GET https://api.github.com/repos/group6/actions/secrets/public-key 404
[debug] [2023-05-22T12:41:16.281Z] <<< [apiv2][body] GET https://api.github.com/repos/group6/actions/secrets/public-key {"message":"Not Found","documentation_url":"https://docs.github.com/rest"}
[info] 
[info] 
[error] !  The provided authorization cannot be used with this repository. If this repository is in an organization, did you remember to grant access? 
[info] 
[info] i  Action required: Visit this URL to ensure access has been granted to the appropriate organization(s) for the Firebase CLI GitHub OAuth App: 
[info] https://github.com/settings/connections/applications/89cf50f02ac6aaed3484
[info] 
